# JRE version: 7.0_17-b02
# Java VM: Java HotSpot(TM) Client VM (23.7-b01 mixed mode windows-x86 )
Heap
 def new generation   total 24128K, used 379K [0x0f010000, 0x10a30000, 0x14560000)
  eden space 21504K,   1% used [0x0f010000, 0x0f06ee90, 0x10510000)
  from space 2624K,   0% used [0x10510000, 0x10510000, 0x107a0000)
  to   space 2624K,   0% used [0x107a0000, 0x107a0000, 0x10a30000)
 tenured generation   total 53356K, used 32012K [0x14560000, 0x1797b000, 0x1f010000)
   the space 53356K,  59% used [0x14560000, 0x164a3018, 0x164a3200, 0x1797b000)
 compacting perm gen  total 32768K, used 32757K [0x1f010000, 0x21010000, 0x23010000)
   the space 32768K,  99% used [0x1f010000, 0x2100d530, 0x2100d600, 0x21010000)
GC Heap History (10 events):
Event: 14.455 GC heap before
{Heap before GC invocations=97 (full 7):
 def new generation   total 23616K, used 21817K [0x0f010000, 0x109a0000, 0x14560000)
  eden space 21056K, 100% used [0x0f010000, 0x104a0000, 0x104a0000)
  from space 2560K,  29% used [0x104a0000, 0x1055e7e8, 0x10720000)
  to   space 2560K,   0% used [0x10720000, 0x10720000, 0x109a0000)
 tenured generation   total 52244K, used 31481K [0x14560000, 0x17865000, 0x1f010000)
   the space 52244K,  60% used [0x14560000, 0x1641e6f8, 0x1641e800, 0x17865000)
 compacting perm gen  total 30208K, used 30116K [0x1f010000, 0x20d90000, 0x23010000)
   the space 30208K,  99% used [0x1f010000, 0x20d792c8, 0x20d79400, 0x20d90000)
No shared spaces configured.
Event: 14.460 GC heap after
Heap after GC invocations=98 (full 7):
 def new generation   total 23616K, used 1731K [0x0f010000, 0x109a0000, 0x14560000)
  eden space 21056K,   0% used [0x0f010000, 0x0f010000, 0x104a0000)
  from space 2560K,  67% used [0x10720000, 0x108d0d78, 0x109a0000)
  to   space 2560K,   0% used [0x104a0000, 0x104a0000, 0x10720000)
 tenured generation   total 52244K, used 31481K [0x14560000, 0x17865000, 0x1f010000)
   the space 52244K,  60% used [0x14560000, 0x1641e6f8, 0x1641e800, 0x17865000)
 compacting perm gen  total 30208K, used 30116K [0x1f010000, 0x20d90000, 0x23010000)
   the space 30208K,  99% used [0x1f010000, 0x20d792c8, 0x20d79400, 0x20d90000)
No shared spaces configured.
}
Event: 14.689 GC heap before
{Heap before GC invocations=98 (full 7):
 def new generation   total 23616K, used 22787K [0x0f010000, 0x109a0000, 0x14560000)
  eden space 21056K, 100% used [0x0f010000, 0x104a0000, 0x104a0000)
  from space 2560K,  67% used [0x10720000, 0x108d0d78, 0x109a0000)
  to   space 2560K,   0% used [0x104a0000, 0x104a0000, 0x10720000)
 tenured generation   total 52244K, used 31481K [0x14560000, 0x17865000, 0x1f010000)
   the space 52244K,  60% used [0x14560000, 0x1641e6f8, 0x1641e800, 0x17865000)
 compacting perm gen  total 30464K, used 30418K [0x1f010000, 0x20dd0000, 0x23010000)
   the space 30464K,  99% used [0x1f010000, 0x20dc4be8, 0x20dc4c00, 0x20dd0000)
No shared spaces configured.
Event: 14.695 GC heap after
Heap after GC invocations=99 (full 7):
 def new generation   total 23616K, used 1429K [0x0f010000, 0x109a0000, 0x14560000)
  eden space 21056K,   0% used [0x0f010000, 0x0f010000, 0x104a0000)
  from space 2560K,  55% used [0x104a0000, 0x106055b0, 0x10720000)
  to   space 2560K,   0% used [0x10720000, 0x10720000, 0x109a0000)
 tenured generation   total 52244K, used 31931K [0x14560000, 0x17865000, 0x1f010000)
   the space 52244K,  61% used [0x14560000, 0x1648eea0, 0x1648f000, 0x17865000)
 compacting perm gen  total 30464K, used 30418K [0x1f010000, 0x20dd0000, 0x23010000)
   the space 30464K,  99% used [0x1f010000, 0x20dc4be8, 0x20dc4c00, 0x20dd0000)
No shared spaces configured.
}
Event: 40.064 GC heap before
{Heap before GC invocations=99 (full 7):
 def new generation   total 23616K, used 22485K [0x0f010000, 0x109a0000, 0x14560000)
  eden space 21056K, 100% used [0x0f010000, 0x104a0000, 0x104a0000)
  from space 2560K,  55% used [0x104a0000, 0x106055b0, 0x10720000)
  to   space 2560K,   0% used [0x10720000, 0x10720000, 0x109a0000)
 tenured generation   total 52244K, used 31931K [0x14560000, 0x17865000, 0x1f010000)
   the space 52244K,  61% used [0x14560000, 0x1648eea0, 0x1648f000, 0x17865000)
 compacting perm gen  total 31744K, used 31525K [0x1f010000, 0x20f10000, 0x23010000)
   the space 31744K,  99% used [0x1f010000, 0x20ed9470, 0x20ed9600, 0x20f10000)
No shared spaces configured.
Event: 40.074 GC heap after
Heap after GC invocations=100 (full 7):
 def new generation   total 23616K, used 1797K [0x0f010000, 0x109a0000, 0x14560000)
  eden space 21056K,   0% used [0x0f010000, 0x0f010000, 0x104a0000)
  from space 2560K,  70% used [0x10720000, 0x108e1780, 0x109a0000)
  to   space 2560K,   0% used [0x104a0000, 0x104a0000, 0x10720000)
 tenured generation   total 52244K, used 32568K [0x14560000, 0x17865000, 0x1f010000)
   the space 52244K,  62% used [0x14560000, 0x1652e1f8, 0x1652e200, 0x17865000)
 compacting perm gen  total 31744K, used 31525K [0x1f010000, 0x20f10000, 0x23010000)
   the space 31744K,  99% used [0x1f010000, 0x20ed9470, 0x20ed9600, 0x20f10000)
No shared spaces configured.
}
Event: 40.247 GC heap before
{Heap before GC invocations=100 (full 7):
 def new generation   total 23616K, used 22853K [0x0f010000, 0x109a0000, 0x14560000)
  eden space 21056K, 100% used [0x0f010000, 0x104a0000, 0x104a0000)
  from space 2560K,  70% used [0x10720000, 0x108e1780, 0x109a0000)
  to   space 2560K,   0% used [0x104a0000, 0x104a0000, 0x10720000)
 tenured generation   total 52244K, used 32568K [0x14560000, 0x17865000, 0x1f010000)
   the space 52244K,  62% used [0x14560000, 0x1652e1f8, 0x1652e200, 0x17865000)
 compacting perm gen  total 32256K, used 32190K [0x1f010000, 0x20f90000, 0x23010000)
   the space 32256K,  99% used [0x1f010000, 0x20f7f9e8, 0x20f7fa00, 0x20f90000)
No shared spaces configured.
Event: 40.253 GC heap after
Heap after GC invocations=101 (full 7):
 def new generation   total 23616K, used 1589K [0x0f010000, 0x109a0000, 0x14560000)
  eden space 21056K,   0% used [0x0f010000, 0x0f010000, 0x104a0000)
  from space 2560K,  62% used [0x104a0000, 0x1062d448, 0x10720000)
  to   space 2560K,   0% used [0x10720000, 0x10720000, 0x109a0000)
 tenured generation   total 52244K, used 33229K [0x14560000, 0x17865000, 0x1f010000)
   the space 52244K,  63% used [0x14560000, 0x165d3768, 0x165d3800, 0x17865000)
 compacting perm gen  total 32256K, used 32190K [0x1f010000, 0x20f90000, 0x23010000)
   the space 32256K,  99% used [0x1f010000, 0x20f7f9e8, 0x20f7fa00, 0x20f90000)
No shared spaces configured.
}
Event: 47.903 GC heap before
{Heap before GC invocations=101 (full 7):
 def new generation   total 23616K, used 15954K [0x0f010000, 0x109a0000, 0x14560000)
  eden space 21056K,  68% used [0x0f010000, 0x0fe17698, 0x104a0000)
  from space 2560K,  62% used [0x104a0000, 0x1062d448, 0x10720000)
  to   space 2560K,   0% used [0x10720000, 0x10720000, 0x109a0000)
 tenured generation   total 52244K, used 33229K [0x14560000, 0x17865000, 0x1f010000)
   the space 52244K,  63% used [0x14560000, 0x165d3768, 0x165d3800, 0x17865000)
 compacting perm gen  total 32768K, used 32767K [0x1f010000, 0x21010000, 0x23010000)
   the space 32768K,  99% used [0x1f010000, 0x2100ffa8, 0x21010000, 0x21010000)
No shared spaces configured.
Event: 48.048 GC heap after
Heap after GC invocations=102 (full 8):
 def new generation   total 24128K, used 0K [0x0f010000, 0x10a30000, 0x14560000)
  eden space 21504K,   0% used [0x0f010000, 0x0f010000, 0x10510000)
  from space 2624K,   0% used [0x10510000, 0x10510000, 0x107a0000)
  to   space 2624K,   0% used [0x107a0000, 0x107a0000, 0x10a30000)
 tenured generation   total 53356K, used 32012K [0x14560000, 0x1797b000, 0x1f010000)
   the space 53356K,  59% used [0x14560000, 0x164a3018, 0x164a3200, 0x1797b000)
 compacting perm gen  total 32768K, used 32755K [0x1f010000, 0x21010000, 0x23010000)
   the space 32768K,  99% used [0x1f010000, 0x2100ce60, 0x2100d000, 0x21010000)
No shared spaces configured.
}

